2020-08-15 17:14:26,998 INFO org.springframework.boot.StartupInfoLogger [restartedMain] Starting SpringRestApplication on LAPTOP-29R7GRA0 with PID 16644 (C:\Users\sanja\IdeaProjects\spring-rest\target\classes started by sanja in C:\Users\sanja\IdeaProjects\spring-rest)
2020-08-15 17:14:27,001 DEBUG org.springframework.boot.StartupInfoLogger [restartedMain] Running with Spring Boot v2.3.3.RELEASE, Spring v5.2.8.RELEASE
2020-08-15 17:14:27,001 INFO org.springframework.boot.SpringApplication [restartedMain] No active profile set, falling back to default profiles: default
2020-08-15 17:14:27,037 INFO org.springframework.boot.logging.DeferredLog [restartedMain] Devtools property defaults active! Set 'spring.devtools.add-properties' to 'false' to disable
2020-08-15 17:14:27,039 INFO org.springframework.boot.logging.DeferredLog [restartedMain] For additional web related logging consider setting the 'logging.level.web' property to 'DEBUG'
2020-08-15 17:14:27,753 INFO org.springframework.boot.web.embedded.tomcat.TomcatWebServer [restartedMain] Tomcat initialized with port(s): 10000 (http)
2020-08-15 17:14:27,759 INFO org.apache.juli.logging.DirectJDKLog [restartedMain] Initializing ProtocolHandler ["http-nio-10000"]
2020-08-15 17:14:27,760 INFO org.apache.juli.logging.DirectJDKLog [restartedMain] Starting service [Tomcat]
2020-08-15 17:14:27,761 INFO org.apache.juli.logging.DirectJDKLog [restartedMain] Starting Servlet engine: [Apache Tomcat/9.0.37]
2020-08-15 17:14:27,820 INFO org.apache.juli.logging.DirectJDKLog [restartedMain] Initializing Spring embedded WebApplicationContext
2020-08-15 17:14:27,820 INFO org.springframework.boot.web.servlet.context.ServletWebServerApplicationContext [restartedMain] Root WebApplicationContext: initialization completed in 781 ms
2020-08-15 17:14:27,925 INFO org.springframework.scheduling.concurrent.ExecutorConfigurationSupport [restartedMain] Initializing ExecutorService 'applicationTaskExecutor'
2020-08-15 17:14:28,023 INFO org.springframework.boot.devtools.autoconfigure.OptionalLiveReloadServer [restartedMain] LiveReload server is running on port 35729
2020-08-15 17:14:28,029 INFO org.apache.juli.logging.DirectJDKLog [restartedMain] Starting ProtocolHandler ["http-nio-10000"]
2020-08-15 17:14:28,149 INFO org.springframework.boot.web.embedded.tomcat.TomcatWebServer [restartedMain] Tomcat started on port(s): 10000 (http) with context path ''
2020-08-15 17:14:28,156 INFO org.springframework.boot.StartupInfoLogger [restartedMain] Started SpringRestApplication in 1.449 seconds (JVM running for 1.735)
2020-08-15 17:14:40,856 INFO org.apache.juli.logging.DirectJDKLog [http-nio-10000-exec-1] Initializing Spring DispatcherServlet 'dispatcherServlet'
2020-08-15 17:14:40,858 INFO org.springframework.web.servlet.FrameworkServlet [http-nio-10000-exec-1] Initializing Servlet 'dispatcherServlet'
2020-08-15 17:14:40,865 INFO org.springframework.web.servlet.FrameworkServlet [http-nio-10000-exec-1] Completed initialization in 7 ms
2020-08-15 17:14:40,880 DEBUG com.sanjay.springrest.springrest.rest.LoginController [http-nio-10000-exec-1] Inside GetAll users
2020-08-15 17:14:51,967 DEBUG com.sanjay.springrest.springrest.rest.LoginController [http-nio-10000-exec-3] Inside add all users
2020-08-15 17:21:58,289 INFO org.springframework.boot.StartupInfoLogger [restartedMain] Starting SpringRestApplication on LAPTOP-29R7GRA0 with PID 5856 (C:\Users\sanja\IdeaProjects\spring-rest\target\classes started by sanja in C:\Users\sanja\IdeaProjects\spring-rest)
2020-08-15 17:21:58,292 DEBUG org.springframework.boot.StartupInfoLogger [restartedMain] Running with Spring Boot v2.3.3.RELEASE, Spring v5.2.8.RELEASE
2020-08-15 17:21:58,292 INFO org.springframework.boot.SpringApplication [restartedMain] No active profile set, falling back to default profiles: default
2020-08-15 17:21:58,324 INFO org.springframework.boot.logging.DeferredLog [restartedMain] Devtools property defaults active! Set 'spring.devtools.add-properties' to 'false' to disable
2020-08-15 17:21:58,324 INFO org.springframework.boot.logging.DeferredLog [restartedMain] For additional web related logging consider setting the 'logging.level.web' property to 'DEBUG'
2020-08-15 17:21:59,026 INFO org.springframework.boot.web.embedded.tomcat.TomcatWebServer [restartedMain] Tomcat initialized with port(s): 10000 (http)
2020-08-15 17:21:59,033 INFO org.apache.juli.logging.DirectJDKLog [restartedMain] Initializing ProtocolHandler ["http-nio-10000"]
2020-08-15 17:21:59,033 INFO org.apache.juli.logging.DirectJDKLog [restartedMain] Starting service [Tomcat]
2020-08-15 17:21:59,034 INFO org.apache.juli.logging.DirectJDKLog [restartedMain] Starting Servlet engine: [Apache Tomcat/9.0.37]
2020-08-15 17:21:59,087 INFO org.apache.juli.logging.DirectJDKLog [restartedMain] Initializing Spring embedded WebApplicationContext
2020-08-15 17:21:59,088 INFO org.springframework.boot.web.servlet.context.ServletWebServerApplicationContext [restartedMain] Root WebApplicationContext: initialization completed in 764 ms
2020-08-15 17:21:59,196 INFO org.springframework.scheduling.concurrent.ExecutorConfigurationSupport [restartedMain] Initializing ExecutorService 'applicationTaskExecutor'
2020-08-15 17:21:59,295 INFO org.springframework.boot.devtools.autoconfigure.OptionalLiveReloadServer [restartedMain] LiveReload server is running on port 35729
2020-08-15 17:21:59,301 INFO org.apache.juli.logging.DirectJDKLog [restartedMain] Starting ProtocolHandler ["http-nio-10000"]
2020-08-15 17:21:59,417 INFO org.springframework.boot.web.embedded.tomcat.TomcatWebServer [restartedMain] Tomcat started on port(s): 10000 (http) with context path ''
2020-08-15 17:21:59,424 INFO org.springframework.boot.StartupInfoLogger [restartedMain] Started SpringRestApplication in 1.422 seconds (JVM running for 1.715)
